d:\work\perception-cpp\src\x64\debug\vc143.pdb
d:\work\perception-cpp\src\x64\debug\vc143.idb
d:\work\perception-cpp\src\x64\debug\main.obj
d:\work\perception-cpp\src\x64\debug\activationfunction.obj
d:\work\perception-cpp\src\x64\debug\matrix.obj
d:\work\perception-cpp\src\x64\debug\network.obj
d:\work\perception-cpp\src\x64\debug\dataset.obj
d:\work\perception-cpp\src\x64\debug\perceptron-cpp.exe
d:\work\perception-cpp\src\x64\debug\perceptron-cpp.ilk
d:\work\perception-cpp\src\x64\debug\perceptron-cpp.pdb
d:\work\perception-cpp\src\x64\debug\perception-cpp.obj
d:\work\perception-cpp\src\x64\debug\perceptron-cpp.obj
d:\work\perception-cpp\src\x64\debug\perception-cpp.ilk
d:\work\perception-cpp\src\x64\debug\perception-cpp.pdb
d:\work\perception-cpp\src\x64\debug\perceptron-cpp.tlog\cl.command.1.tlog
d:\work\perception-cpp\src\x64\debug\perceptron-cpp.tlog\cl.read.1.tlog
d:\work\perception-cpp\src\x64\debug\perceptron-cpp.tlog\cl.write.1.tlog
d:\work\perception-cpp\src\x64\debug\perceptron-cpp.tlog\link.command.1.tlog
d:\work\perception-cpp\src\x64\debug\perceptron-cpp.tlog\link.read.1.tlog
d:\work\perception-cpp\src\x64\debug\perceptron-cpp.tlog\link.write.1.tlog
